<?xml version="1.0" encoding="UTF-8"?>
<testng-results ignored="0" total="3" passed="3" failed="0" skipped="0">
  <reporter-output>
  </reporter-output>
  <suite started-at="2025-02-22T14:56:41 IST" name="ParallelTestSuite" finished-at="2025-02-22T14:56:53 IST" duration-ms="12303">
    <groups>
    </groups>
    <test started-at="2025-02-22T14:56:41 IST" name="Testtt2" finished-at="2025-02-22T14:56:45 IST" duration-ms="3664">
      <class name="SauceLabs.Slk.Test2">
        <test-method is-config="true" signature="setUp()[pri:0, instance:SauceLabs.Slk.Test2@c430e6c]" started-at="2025-02-22T14:56:41 IST" name="setUp" finished-at="2025-02-22T14:56:43 IST" duration-ms="1866" status="PASS">
          <reporter-output>
          </reporter-output>
        </test-method> <!-- setUp -->
        <test-method signature="Example()[pri:0, instance:SauceLabs.Slk.Test2@c430e6c]" started-at="2025-02-22T14:56:43 IST" name="Example" finished-at="2025-02-22T14:56:44 IST" duration-ms="1560" status="PASS">
          <reporter-output>
          </reporter-output>
        </test-method> <!-- Example -->
        <test-method is-config="true" signature="tearDown()[pri:0, instance:SauceLabs.Slk.Test2@c430e6c]" started-at="2025-02-22T14:56:44 IST" name="tearDown" finished-at="2025-02-22T14:56:45 IST" duration-ms="165" status="PASS">
          <reporter-output>
          </reporter-output>
        </test-method> <!-- tearDown -->
      </class> <!-- SauceLabs.Slk.Test2 -->
    </test> <!-- Testtt2 -->
    <test started-at="2025-02-22T14:56:41 IST" name="Testtt3" finished-at="2025-02-22T14:56:50 IST" duration-ms="8632">
      <class name="SauceLabs.Slk.Test1">
        <test-method is-config="true" signature="setUp()[pri:0, instance:SauceLabs.Slk.Test1@66982506]" started-at="2025-02-22T14:56:41 IST" name="setUp" finished-at="2025-02-22T14:56:45 IST" duration-ms="4367" status="PASS">
          <reporter-output>
          </reporter-output>
        </test-method> <!-- setUp -->
        <test-method signature="testExample()[pri:0, instance:SauceLabs.Slk.Test1@66982506]" started-at="2025-02-22T14:56:45 IST" name="testExample" finished-at="2025-02-22T14:56:49 IST" duration-ms="3167" status="PASS">
          <reporter-output>
          </reporter-output>
        </test-method> <!-- testExample -->
        <test-method is-config="true" signature="tearDown()[pri:0, instance:SauceLabs.Slk.Test1@66982506]" started-at="2025-02-22T14:56:49 IST" name="tearDown" finished-at="2025-02-22T14:56:50 IST" duration-ms="1052" status="PASS">
          <reporter-output>
          </reporter-output>
        </test-method> <!-- tearDown -->
      </class> <!-- SauceLabs.Slk.Test1 -->
    </test> <!-- Testtt3 -->
    <test started-at="2025-02-22T14:56:41 IST" name="Testtt1" finished-at="2025-02-22T14:56:53 IST" duration-ms="12303">
      <class name="SauceLabs.Slk.Test3">
        <test-method is-config="true" signature="setUp()[pri:0, instance:SauceLabs.Slk.Test3@4681c175]" started-at="2025-02-22T14:56:41 IST" name="setUp" finished-at="2025-02-22T14:56:51 IST" duration-ms="10062" status="PASS">
          <reporter-output>
          </reporter-output>
        </test-method> <!-- setUp -->
        <test-method signature="testtExample()[pri:0, instance:SauceLabs.Slk.Test3@4681c175]" started-at="2025-02-22T14:56:51 IST" name="testtExample" finished-at="2025-02-22T14:56:53 IST" duration-ms="2005" status="PASS">
          <reporter-output>
          </reporter-output>
        </test-method> <!-- testtExample -->
        <test-method is-config="true" signature="tearDown()[pri:0, instance:SauceLabs.Slk.Test3@4681c175]" started-at="2025-02-22T14:56:53 IST" name="tearDown" finished-at="2025-02-22T14:56:53 IST" duration-ms="190" status="PASS">
          <reporter-output>
          </reporter-output>
        </test-method> <!-- tearDown -->
      </class> <!-- SauceLabs.Slk.Test3 -->
    </test> <!-- Testtt1 -->
  </suite> <!-- ParallelTestSuite -->
</testng-results>
